This is pdfTeX, Version 3.14159265-2.6-1.40.19 (TeX Live 2018) (preloaded format=pdflatex 2018.12.21)  7 APR 2020 14:14
entering extended mode
 restricted \write18 enabled.
 %&-line parsing enabled.
**notes_denta.tex
(./notes_denta.tex
LaTeX2e <2018-12-01>
(/home/fouche/texlive/texmf-dist/tex/latex/base/article.cls
Document Class: article 2018/09/03 v1.4i Standard LaTeX document class
(/home/fouche/texlive/texmf-dist/tex/latex/base/size11.clo
File: size11.clo 2018/09/03 v1.4i Standard LaTeX file (size option)
)
\c@part=\count80
\c@section=\count81
\c@subsection=\count82
\c@subsubsection=\count83
\c@paragraph=\count84
\c@subparagraph=\count85
\c@figure=\count86
\c@table=\count87
\abovecaptionskip=\skip41
\belowcaptionskip=\skip42
\bibindent=\dimen102
)
(/home/fouche/texlive/texmf-dist/tex/latex/base/fontenc.sty
Package: fontenc 2018/08/11 v2.0j Standard LaTeX package

(/home/fouche/texlive/texmf-dist/tex/latex/base/t1enc.def
File: t1enc.def 2018/08/11 v2.0j Standard LaTeX file
LaTeX Font Info:    Redeclaring font encoding T1 on input line 48.
))
(/home/fouche/texlive/texmf-dist/tex/latex/base/inputenc.sty
Package: inputenc 2018/08/11 v1.3c Input encoding file
\inpenc@prehook=\toks14
\inpenc@posthook=\toks15
)
(/home/fouche/texlive/texmf-dist/tex/generic/babel/babel.sty
Package: babel 2018/11/13 3.27 The Babel package

(/home/fouche/texlive/texmf-dist/tex/generic/babel/switch.def
File: switch.def 2018/11/13 3.27 Babel switching mechanism
)
(/home/fouche/texlive/texmf-dist/tex/generic/babel-italian/italian.ldf
Language: italian 2015/03/26 v1.3n Italian support from the babel system

(/home/fouche/texlive/texmf-dist/tex/generic/babel/babel.def
File: babel.def 2018/11/13 3.27 Babel common definitions
\babel@savecnt=\count88
\U@D=\dimen103

(/home/fouche/texlive/texmf-dist/tex/generic/babel/txtbabel.def)
\bbl@dirlevel=\count89
)
\it@lettering=\count90
\it@doublequoteactive=\count91
\it@ISOcompliance=\count92
))
(/home/fouche/texlive/texmf-dist/tex/latex/etoolbox/etoolbox.sty
Package: etoolbox 2018/08/19 v2.5f e-TeX tools for LaTeX (JAW)
\etb@tempcnta=\count93
)
(/home/fouche/texlive/texmf-dist/tex/latex/xcolor/xcolor.sty
Package: xcolor 2016/05/11 v2.12 LaTeX color extensions (UK)

(/home/fouche/texlive/texmf-dist/tex/latex/graphics-cfg/color.cfg
File: color.cfg 2016/01/02 v1.6 sample color configuration
)
Package xcolor Info: Driver file: pdftex.def on input line 225.

(/home/fouche/texlive/texmf-dist/tex/latex/graphics-def/pdftex.def
File: pdftex.def 2018/01/08 v1.0l Graphics/color driver for pdftex
)
Package xcolor Info: Model `cmy' substituted by `cmy0' on input line 1348.
Package xcolor Info: Model `hsb' substituted by `rgb' on input line 1352.
Package xcolor Info: Model `RGB' extended on input line 1364.
Package xcolor Info: Model `HTML' substituted by `rgb' on input line 1366.
Package xcolor Info: Model `Hsb' substituted by `hsb' on input line 1367.
Package xcolor Info: Model `tHsb' substituted by `hsb' on input line 1368.
Package xcolor Info: Model `HSB' substituted by `hsb' on input line 1369.
Package xcolor Info: Model `Gray' substituted by `gray' on input line 1370.
Package xcolor Info: Model `wave' substituted by `hsb' on input line 1371.
)
(/home/fouche/texlive/texmf-dist/tex/latex/amsmath/amsmath.sty
Package: amsmath 2018/12/01 v2.17b AMS math features
\@mathmargin=\skip43

For additional information on amsmath, use the `?' option.
(/home/fouche/texlive/texmf-dist/tex/latex/amsmath/amstext.sty
Package: amstext 2000/06/29 v2.01 AMS text

(/home/fouche/texlive/texmf-dist/tex/latex/amsmath/amsgen.sty
File: amsgen.sty 1999/11/30 v2.0 generic functions
\@emptytoks=\toks16
\ex@=\dimen104
))
(/home/fouche/texlive/texmf-dist/tex/latex/amsmath/amsbsy.sty
Package: amsbsy 1999/11/29 v1.2d Bold Symbols
\pmbraise@=\dimen105
)
(/home/fouche/texlive/texmf-dist/tex/latex/amsmath/amsopn.sty
Package: amsopn 2016/03/08 v2.02 operator names
)
\inf@bad=\count94
LaTeX Info: Redefining \frac on input line 223.
\uproot@=\count95
\leftroot@=\count96
LaTeX Info: Redefining \overline on input line 385.
\classnum@=\count97
\DOTSCASE@=\count98
LaTeX Info: Redefining \ldots on input line 482.
LaTeX Info: Redefining \dots on input line 485.
LaTeX Info: Redefining \cdots on input line 606.
\Mathstrutbox@=\box27
\strutbox@=\box28
\big@size=\dimen106
LaTeX Font Info:    Redeclaring font encoding OML on input line 729.
LaTeX Font Info:    Redeclaring font encoding OMS on input line 730.
\macc@depth=\count99
\c@MaxMatrixCols=\count100
\dotsspace@=\muskip10
\c@parentequation=\count101
\dspbrk@lvl=\count102
\tag@help=\toks17
\row@=\count103
\column@=\count104
\maxfields@=\count105
\andhelp@=\toks18
\eqnshift@=\dimen107
\alignsep@=\dimen108
\tagshift@=\dimen109
\tagwidth@=\dimen110
\totwidth@=\dimen111
\lineht@=\dimen112
\@envbody=\toks19
\multlinegap=\skip44
\multlinetaggap=\skip45
\mathdisplay@stack=\toks20
LaTeX Info: Redefining \[ on input line 2844.
LaTeX Info: Redefining \] on input line 2845.
)
(/home/fouche/texlive/texmf-dist/tex/latex/amsfonts/amsfonts.sty
Package: amsfonts 2013/01/14 v3.01 Basic AMSFonts support
\symAMSa=\mathgroup4
\symAMSb=\mathgroup5
LaTeX Font Info:    Overwriting math alphabet `\mathfrak' in version `bold'
(Font)                  U/euf/m/n --> U/euf/b/n on input line 106.
)
(./notes_denta.aux)
\openout1 = `notes_denta.aux'.

LaTeX Font Info:    Checking defaults for OML/cmm/m/it on input line 11.
LaTeX Font Info:    ... okay on input line 11.
LaTeX Font Info:    Checking defaults for T1/cmr/m/n on input line 11.
LaTeX Font Info:    ... okay on input line 11.
LaTeX Font Info:    Checking defaults for OT1/cmr/m/n on input line 11.
LaTeX Font Info:    ... okay on input line 11.
LaTeX Font Info:    Checking defaults for OMS/cmsy/m/n on input line 11.
LaTeX Font Info:    ... okay on input line 11.
LaTeX Font Info:    Checking defaults for OMX/cmex/m/n on input line 11.
LaTeX Font Info:    ... okay on input line 11.
LaTeX Font Info:    Checking defaults for U/cmr/m/n on input line 11.
LaTeX Font Info:    ... okay on input line 11.
LaTeX Info: Redefining \it@ocap on input line 11.
LaTeX Info: Redefining \it@ccap on input line 11.

(/home/fouche/texlive/texmf-dist/tex/context/base/mkii/supp-pdf.mkii
[Loading MPS to PDF converter (version 2006.09.02).]
\scratchcounter=\count106
\scratchdimen=\dimen113
\scratchbox=\box29
\nofMPsegments=\count107
\nofMParguments=\count108
\everyMPshowfont=\toks21
\MPscratchCnt=\count109
\MPscratchDim=\dimen114
\MPnumerator=\count110
\makeMPintoPDFobject=\count111
\everyMPtoPDFconversion=\toks22
)
LaTeX Font Info:    Try loading font information for U+msa on input line 15.
 (/home/fouche/texlive/texmf-dist/tex/latex/amsfonts/umsa.fd
File: umsa.fd 2013/01/14 v3.01 AMS symbols A
)
LaTeX Font Info:    Try loading font information for U+msb on input line 15.

(/home/fouche/texlive/texmf-dist/tex/latex/amsfonts/umsb.fd
File: umsb.fd 2013/01/14 v3.01 AMS symbols B
) (./notes_denta.toc)
\tf@toc=\write3
\openout3 = `notes_denta.toc'.

 [1

{/home/fouche/texlive/texmf-var/fonts/map/pdftex/updmap/pdftex.map}]
[2] [3]
LaTeX Font Info:    Try loading font information for OMS+cmr on input line 55.
 (/home/fouche/texlive/texmf-dist/tex/latex/base/omscmr.fd
File: omscmr.fd 2014/09/29 v2.5h Standard LaTeX font definitions
)
LaTeX Font Info:    Font shape `OMS/cmr/m/n' in size <10.95> not available
(Font)              Font shape `OMS/cmsy/m/n' tried instead on input line 55.
 [4] [5]
[6] [7]
Overfull \hbox (37.30832pt too wide) in paragraph at lines 118--123
\T1/cmr/m/n/10.95 ding which in Bour-ba-ki's ana-ly-sis is ^^Punear-thed^^Q in 
a quasi-archaeological,
 []

[8] [9] [10] [11] [12] [13] [14] [15]
Underfull \hbox (badness 10000) in paragraph at lines 239--239
[]\T1/cmr/m/it/10.95 qui for-se
 []


Underfull \hbox (badness 10000) in paragraph at lines 241--241
[]\T1/cmr/m/it/10.95 ampliare
 []


Underfull \hbox (badness 10000) in paragraph at lines 241--241
\T1/cmr/m/it/10.95 e/o di-re
 []

[16] [17] [18] [19] [20] [21] [22] [23] [24] (./notes_denta.aux) ) 
Here is how much of TeX's memory you used:
 3058 strings out of 492616
 36252 string characters out of 6130394
 121890 words of memory out of 5000000
 6937 multiletter control sequences out of 15000+600000
 25552 words of font info for 68 fonts, out of 8000000 for 9000
 1141 hyphenation exceptions out of 8191
 27i,8n,35p,2072b,230s stack positions out of 5000i,500n,10000p,200000b,80000s
{/home/fouche
/texlive/texmf-dist/fonts/enc/dvips/cm-super/cm-super-t1.enc}</home/fouche/texl
ive/texmf-dist/fonts/type1/public/amsfonts/cm/cmex10.pfb></home/fouche/texlive/
texmf-dist/fonts/type1/public/amsfonts/cm/cmmi10.pfb></home/fouche/texlive/texm
f-dist/fonts/type1/public/amsfonts/cm/cmmi6.pfb></home/fouche/texlive/texmf-dis
t/fonts/type1/public/amsfonts/cm/cmmi8.pfb></home/fouche/texlive/texmf-dist/fon
ts/type1/public/amsfonts/cm/cmmi9.pfb></home/fouche/texlive/texmf-dist/fonts/ty
pe1/public/amsfonts/cm/cmr10.pfb></home/fouche/texlive/texmf-dist/fonts/type1/p
ublic/amsfonts/cm/cmr6.pfb></home/fouche/texlive/texmf-dist/fonts/type1/public/
amsfonts/cm/cmr8.pfb></home/fouche/texlive/texmf-dist/fonts/type1/public/amsfon
ts/cm/cmr9.pfb></home/fouche/texlive/texmf-dist/fonts/type1/public/amsfonts/cm/
cmss10.pfb></home/fouche/texlive/texmf-dist/fonts/type1/public/amsfonts/cm/cmsy
10.pfb></home/fouche/texlive/texmf-dist/fonts/type1/public/amsfonts/cm/cmsy8.pf
b></home/fouche/texlive/texmf-dist/fonts/type1/public/amsfonts/cm/cmsy9.pfb></h
ome/fouche/texlive/texmf-dist/fonts/type1/public/amsfonts/symbols/msbm10.pfb></
home/fouche/texlive/texmf-dist/fonts/type1/public/cm-super/sfbi1095.pfb></home/
fouche/texlive/texmf-dist/fonts/type1/public/cm-super/sfbx1095.pfb></home/fouch
e/texlive/texmf-dist/fonts/type1/public/cm-super/sfbx1200.pfb></home/fouche/tex
live/texmf-dist/fonts/type1/public/cm-super/sfbx1440.pfb></home/fouche/texlive/
texmf-dist/fonts/type1/public/cm-super/sfrm0600.pfb></home/fouche/texlive/texmf
-dist/fonts/type1/public/cm-super/sfrm0800.pfb></home/fouche/texlive/texmf-dist
/fonts/type1/public/cm-super/sfrm0900.pfb></home/fouche/texlive/texmf-dist/font
s/type1/public/cm-super/sfrm1095.pfb></home/fouche/texlive/texmf-dist/fonts/typ
e1/public/cm-super/sfrm1200.pfb></home/fouche/texlive/texmf-dist/fonts/type1/pu
blic/cm-super/sfrm1728.pfb></home/fouche/texlive/texmf-dist/fonts/type1/public/
cm-super/sfti0900.pfb></home/fouche/texlive/texmf-dist/fonts/type1/public/cm-su
per/sfti1095.pfb></home/fouche/texlive/texmf-dist/fonts/type1/public/cm-super/s
fti1728.pfb>
Output written on notes_denta.pdf (24 pages, 446834 bytes).
PDF statistics:
 191 PDF objects out of 1000 (max. 8388607)
 136 compressed objects within 2 object streams
 0 named destinations out of 1000 (max. 500000)
 1 words of extra memory for PDF output out of 10000 (max. 10000000)

