This is pdfTeX, Version 3.14159265-2.6-1.40.21 (TeX Live 2020) (preloaded format=pdflatex 2021.3.6)  14 MAY 2021 21:51
entering extended mode
 \write18 enabled.
 %&-line parsing enabled.
**main.tex
(./main.tex
LaTeX2e <2020-10-01> patch level 4
L3 programming layer <2021-02-18> (../birkjour.cls

LaTeX Warning: You have requested document class `../birkjour',
               but the document class provides `birkjour'.

Document Class: birkjour 2009/09/04 v6.0
\linespacing=\dimen138
\normalparindent=\dimen139
\normaltopskip=\skip47
(/home/fouche/texlive/texmf-dist/tex/latex/amsmath/amsgen.sty
File: amsgen.sty 1999/11/30 v2.0 generic functions
\@emptytoks=\toks15
\ex@=\dimen140
)

Package birkmult Warning: Option 'a4paper' will be ignored on input line 379.

(/home/fouche/texlive/texmf-dist/tex/latex/amsmath/amsmath.sty
Package: amsmath 2020/09/23 v2.17i AMS math features
\@mathmargin=\skip48

For additional information on amsmath, use the `?' option.
(/home/fouche/texlive/texmf-dist/tex/latex/amsmath/amstext.sty
Package: amstext 2000/06/29 v2.01 AMS text
)
(/home/fouche/texlive/texmf-dist/tex/latex/amsmath/amsbsy.sty
Package: amsbsy 1999/11/29 v1.2d Bold Symbols
\pmbraise@=\dimen141
)
(/home/fouche/texlive/texmf-dist/tex/latex/amsmath/amsopn.sty
Package: amsopn 2016/03/08 v2.02 operator names
)
\inf@bad=\count179
LaTeX Info: Redefining \frac on input line 234.
\uproot@=\count180
\leftroot@=\count181
LaTeX Info: Redefining \overline on input line 399.
\classnum@=\count182
\DOTSCASE@=\count183
LaTeX Info: Redefining \ldots on input line 496.
LaTeX Info: Redefining \dots on input line 499.
LaTeX Info: Redefining \cdots on input line 620.
\Mathstrutbox@=\box47
\strutbox@=\box48
\big@size=\dimen142
LaTeX Font Info:    Redeclaring font encoding OML on input line 743.
LaTeX Font Info:    Redeclaring font encoding OMS on input line 744.
\macc@depth=\count184
\c@MaxMatrixCols=\count185
\dotsspace@=\muskip16
\c@parentequation=\count186
\dspbrk@lvl=\count187
\tag@help=\toks16
\row@=\count188
\column@=\count189
\maxfields@=\count190
\andhelp@=\toks17
\eqnshift@=\dimen143
\alignsep@=\dimen144
\tagshift@=\dimen145
\tagwidth@=\dimen146
\totwidth@=\dimen147
\lineht@=\dimen148
\@envbody=\toks18
\multlinegap=\skip49
\multlinetaggap=\skip50
\mathdisplay@stack=\toks19
LaTeX Info: Redefining \[ on input line 2923.
LaTeX Info: Redefining \] on input line 2924.
)
(/home/fouche/texlive/texmf-dist/tex/latex/amsfonts/amsfonts.sty
Package: amsfonts 2013/01/14 v3.01 Basic AMSFonts support
\symAMSa=\mathgroup4
\symAMSb=\mathgroup5
LaTeX Font Info:    Redeclaring math symbol \hbar on input line 98.
LaTeX Font Info:    Overwriting math alphabet `\mathfrak' in version `bold'
(Font)                  U/euf/m/n --> U/euf/b/n on input line 106.
)
(/home/fouche/texlive/texmf-dist/tex/latex/graphics/graphicx.sty
Package: graphicx 2020/09/09 v1.2b Enhanced LaTeX Graphics (DPC,SPQR)

(/home/fouche/texlive/texmf-dist/tex/latex/graphics/keyval.sty
Package: keyval 2014/10/28 v1.15 key=value parser (DPC)
\KV@toks@=\toks20
)
(/home/fouche/texlive/texmf-dist/tex/latex/graphics/graphics.sty
Package: graphics 2020/08/30 v1.4c Standard LaTeX Graphics (DPC,SPQR)

(/home/fouche/texlive/texmf-dist/tex/latex/graphics/trig.sty
Package: trig 2016/01/03 v1.10 sin cos tan (DPC)
)
(/home/fouche/texlive/texmf-dist/tex/latex/graphics-cfg/graphics.cfg
File: graphics.cfg 2016/06/04 v1.11 sample graphics configuration
)
Package graphics Info: Driver file: pdftex.def on input line 105.

(/home/fouche/texlive/texmf-dist/tex/latex/graphics-def/pdftex.def
File: pdftex.def 2020/10/05 v1.2a Graphics/color driver for pdftex
))
\Gin@req@height=\dimen149
\Gin@req@width=\dimen150
)
\lheadtstbox=\box49
\rheadtstbox=\box50
\lmaxhead=\dimen151
\rmaxhead=\dimen152
\copyins=\insert199
\abstractbox=\box51
\listisep=\skip51
\c@part=\count191
\c@section=\count192
\c@subsection=\count193
\c@subsubsection=\count194
\c@paragraph=\count195
\c@figure=\count196
\c@table=\count197
\abovecaptionskip=\skip52
\belowcaptionskip=\skip53
\captionindent=\dimen153

(/home/fouche/texlive/texmf-dist/tex/latex/amscls/amsthm.sty
Package: amsthm 2020/05/29 v2.20.6
\thm@style=\toks21
\thm@bodyfont=\toks22
\thm@headfont=\toks23
\thm@notefont=\toks24
\thm@headpunct=\toks25
\thm@preskip=\skip54
\thm@postskip=\skip55
\thm@headsep=\skip56
\dth@everypar=\toks26
)
\c@firstpage=\count198
\c@lastpage=\count266
\c@nrofpages=\count267

(/home/fouche/texlive/texmf-dist/tex/latex/geometry/geometry.sty
Package: geometry 2020/01/02 v5.9 Page Geometry

(/home/fouche/texlive/texmf-dist/tex/generic/iftex/ifvtex.sty
Package: ifvtex 2019/10/25 v1.7 ifvtex legacy package. Use iftex instead.

(/home/fouche/texlive/texmf-dist/tex/generic/iftex/iftex.sty
Package: iftex 2020/03/06 v1.0d TeX engine tests
))
\Gm@cnth=\count268
\Gm@cntv=\count269
\c@Gm@tempcnt=\count270
\Gm@bindingoffset=\dimen154
\Gm@wd@mp=\dimen155
\Gm@odd@mp=\dimen156
\Gm@even@mp=\dimen157
\Gm@layoutwidth=\dimen158
\Gm@layoutheight=\dimen159
\Gm@layouthoffset=\dimen160
\Gm@layoutvoffset=\dimen161
\Gm@dimlist=\toks27
))
(../fouche-copy.sty

LaTeX Warning: You have requested package `../fouche-copy',
               but the package provides `fouche-copy'.

Package: fouche-copy Fouche's personal
(/home/fouche/texlive/texmf-dist/tex/latex/base/inputenc.sty
Package: inputenc 2020/08/01 v1.3d Input encoding file
\inpenc@prehook=\toks28
\inpenc@posthook=\toks29
)
(/home/fouche/texlive/texmf-dist/tex/latex/base/fontenc.sty
Package: fontenc 2020/08/10 v2.0s Standard LaTeX package
)
(/home/fouche/texlive/texmf-dist/tex/latex/xcolor/xcolor.sty
Package: xcolor 2016/05/11 v2.12 LaTeX color extensions (UK)

(/home/fouche/texlive/texmf-dist/tex/latex/graphics-cfg/color.cfg
File: color.cfg 2016/01/02 v1.6 sample color configuration
)
Package xcolor Info: Driver file: pdftex.def on input line 225.
Package xcolor Info: Model `cmy' substituted by `cmy0' on input line 1348.
Package xcolor Info: Model `hsb' substituted by `rgb' on input line 1352.
Package xcolor Info: Model `RGB' extended on input line 1364.
Package xcolor Info: Model `HTML' substituted by `rgb' on input line 1366.
Package xcolor Info: Model `Hsb' substituted by `hsb' on input line 1367.
Package xcolor Info: Model `tHsb' substituted by `hsb' on input line 1368.
Package xcolor Info: Model `HSB' substituted by `hsb' on input line 1369.
Package xcolor Info: Model `Gray' substituted by `gray' on input line 1370.
Package xcolor Info: Model `wave' substituted by `hsb' on input line 1371.

(/home/fouche/texlive/texmf-dist/tex/latex/xcolor/svgnam.def
File: svgnam.def 2016/05/11 v2.12 Predefined colors according to SVG 1.1 (UK)
))
(/home/fouche/texlive/texmf-dist/tex/latex/amsfonts/amssymb.sty
Package: amssymb 2013/01/14 v3.01 AMS font symbols
)
(/home/fouche/texlive/texmf-dist/tex/latex/caption/caption.sty
Package: caption 2020/10/26 v3.5g Customizing captions (AR)

(/home/fouche/texlive/texmf-dist/tex/latex/caption/caption3.sty
Package: caption3 2020/10/21 v2.2e caption3 kernel (AR)
\captionmargin=\dimen162
\captionmargin@=\dimen163
\captionwidth=\dimen164
\caption@tempdima=\dimen165
\caption@indent=\dimen166
\caption@parindent=\dimen167
\caption@hangindent=\dimen168
Package caption Info: AMS or SMF document class detected.

(/home/fouche/texlive/texmf-dist/tex/latex/caption/caption-ams-smf.sto
File: caption-ams-smf.sto 2020/08/22 v2.0 Adaption of the caption package to th
e AMS and SMF document classes (AR)
))
\c@caption@flags=\count271
\c@continuedfloat=\count272
)
(/home/fouche/texlive/texmf-dist/tex/latex/epigraph/epigraph.sty
Package: epigraph 2020/01/02 v1.5e typesetting epigraphs

(/home/fouche/texlive/texmf-dist/tex/latex/nextpage/nextpage.sty
Package: nextpage 2009/09/03 v1.1a additional page commands
)
\beforeepigraphskip=\skip57
\afterepigraphskip=\skip58
\epigraphwidth=\skip59
\epigraphrule=\skip60
)
(/home/fouche/texlive/texmf-dist/tex/latex/l3packages/xparse/xparse.sty
(/home/fouche/texlive/texmf-dist/tex/latex/l3kernel/expl3.sty
Package: expl3 2021-02-18 L3 programming layer (loader) 

(/home/fouche/texlive/texmf-dist/tex/latex/l3backend/l3backend-pdftex.def
File: l3backend-pdftex.def 2021-03-02 L3 backend support: PDF output (pdfTeX)
\l__color_backend_stack_int=\count273
\l__pdf_internal_box=\box52
))
(/home/fouche/texlive/texmf-dist/tex/latex/l3packages/xparse/xparse-2020-10-01.
sty
(/home/fouche/texlive/texmf-dist/tex/latex/l3packages/xparse/xparse-generic.tex
))) (/home/fouche/texlive/texmf-dist/tex/latex/enumitem/enumitem.sty
Package: enumitem 2019/06/20 v3.9 Customized lists
\labelindent=\skip61
\enit@outerparindent=\dimen169
\enit@toks=\toks30
\enit@inbox=\box53
\enit@count@id=\count274
\enitdp@description=\count275
)
(/home/fouche/texlive/texmf-dist/tex/latex/lipsum/lipsum.sty
Package: lipsum 2021-03-03 v2.3 150 paragraphs of Lorem Ipsum dummy text

(/home/fouche/texlive/texmf-dist/tex/latex/lipsum/lipsum.ltd.tex
File: lipsum.ltd.tex 2021-03-03 v2.3 The Lorem ipsum dummy text
))
(/home/fouche/texlive/texmf-dist/tex/latex/mathtools/mathtools.sty
Package: mathtools 2020/03/24 v1.24 mathematical typesetting tools

(/home/fouche/texlive/texmf-dist/tex/latex/tools/calc.sty
Package: calc 2017/05/25 v4.3 Infix arithmetic (KKT,FJ)
\calc@Acount=\count276
\calc@Bcount=\count277
\calc@Adimen=\dimen170
\calc@Bdimen=\dimen171
\calc@Askip=\skip62
\calc@Bskip=\skip63
LaTeX Info: Redefining \setlength on input line 80.
LaTeX Info: Redefining \addtolength on input line 81.
\calc@Ccount=\count278
\calc@Cskip=\skip64
)
(/home/fouche/texlive/texmf-dist/tex/latex/mathtools/mhsetup.sty
Package: mhsetup 2017/03/31 v1.3 programming setup (MH)
)
LaTeX Info: Thecontrolsequence`\('isalreadyrobust on input line 130.
LaTeX Info: Thecontrolsequence`\)'isalreadyrobust on input line 130.
LaTeX Info: Thecontrolsequence`\['isalreadyrobust on input line 130.
LaTeX Info: Thecontrolsequence`\]'isalreadyrobust on input line 130.
\g_MT_multlinerow_int=\count279
\l_MT_multwidth_dim=\dimen172
\origjot=\skip65
\l_MT_shortvdotswithinadjustabove_dim=\dimen173
\l_MT_shortvdotswithinadjustbelow_dim=\dimen174
\l_MT_above_intertext_sep=\dimen175
\l_MT_below_intertext_sep=\dimen176
\l_MT_above_shortintertext_sep=\dimen177
\l_MT_below_shortintertext_sep=\dimen178
\xmathstrut@box=\box54
\xmathstrut@dim=\dimen179
)
(/home/fouche/texlive/texmf-dist/tex/latex/hyphenat/hyphenat.sty
Package: hyphenat 2009/09/02 v2.3c hyphenation utilities
\langwohyphens=\language86
LaTeX Info: Redefining \_ on input line 43.
)
(/home/fouche/texlive/texmf-dist/tex/latex/tensor/tensor.sty
Package: tensor 2004/12/20 v2.1 tensor indices package (PGR)
\tnsr@Sps=\toks31
\tnsr@Sbs=\toks32
\tnsr@Spe=\toks33
\tnsr@Sbe=\toks34
\ncld@Mno=\toks35
)
(/home/fouche/texlive/texmf-dist/tex/latex/oberdiek/stackrel.sty
Package: stackrel 2016/05/16 v1.3 Adding subscript option to stackrel (HO)

(/home/fouche/texlive/texmf-dist/tex/generic/etexcmds/etexcmds.sty
Package: etexcmds 2019/12/15 v1.7 Avoid name clashes with e-TeX commands (HO)

(/home/fouche/texlive/texmf-dist/tex/generic/infwarerr/infwarerr.sty
Package: infwarerr 2019/12/03 v1.5 Providing info/warning/error messages (HO)
))
(/home/fouche/texlive/texmf-dist/tex/generic/pdftexcmds/pdftexcmds.sty
Package: pdftexcmds 2020-06-27 v0.33 Utility functions of pdfTeX for LuaTeX (HO
)

(/home/fouche/texlive/texmf-dist/tex/generic/ltxcmds/ltxcmds.sty
Package: ltxcmds 2020-05-10 v1.25 LaTeX kernel commands for general use (HO)
)
Package pdftexcmds Info: \pdf@primitive is available.
Package pdftexcmds Info: \pdf@ifprimitive is available.
Package pdftexcmds Info: \pdfdraftmode found.
))
(/home/fouche/texlive/texmf-dist/tex/latex/savesym/savesym.sty
Package: savesym 2013/09/02 v1.2 Saves and restores symbols (JG)
)
(/home/fouche/texlive/texmf-dist/tex/latex/setspace/setspace.sty
Package: setspace 2011/12/19 v6.7a set line spacing
)
(/home/fouche/texlive/texmf-dist/tex/latex/stmaryrd/stmaryrd.sty
Package: stmaryrd 1994/03/03 St Mary's Road symbol package
\symstmry=\mathgroup6
LaTeX Font Info:    Overwriting symbol font `stmry' in version `bold'
(Font)                  U/stmry/m/n --> U/stmry/b/n on input line 89.
)
(/home/fouche/texlive/texmf-dist/tex/latex/tikz-cd/tikz-cd.sty
Package: tikz-cd 2018/11/19 v0.9f Commutative diagrams with TikZ

(/home/fouche/texlive/texmf-dist/tex/latex/pgf/frontendlayer/tikz.sty
(/home/fouche/texlive/texmf-dist/tex/latex/pgf/basiclayer/pgf.sty
(/home/fouche/texlive/texmf-dist/tex/latex/pgf/utilities/pgfrcs.sty
(/home/fouche/texlive/texmf-dist/tex/generic/pgf/utilities/pgfutil-common.tex
\pgfutil@everybye=\toks36
\pgfutil@tempdima=\dimen180
\pgfutil@tempdimb=\dimen181

(/home/fouche/texlive/texmf-dist/tex/generic/pgf/utilities/pgfutil-common-lists
.tex))
(/home/fouche/texlive/texmf-dist/tex/generic/pgf/utilities/pgfutil-latex.def
\pgfutil@abb=\box55
)
(/home/fouche/texlive/texmf-dist/tex/generic/pgf/utilities/pgfrcs.code.tex
(/home/fouche/texlive/texmf-dist/tex/generic/pgf/pgf.revision.tex)
Package: pgfrcs 2020/12/27 v3.1.8b (3.1.8b)
))
Package: pgf 2020/12/27 v3.1.8b (3.1.8b)

(/home/fouche/texlive/texmf-dist/tex/latex/pgf/basiclayer/pgfcore.sty
(/home/fouche/texlive/texmf-dist/tex/latex/pgf/systemlayer/pgfsys.sty
(/home/fouche/texlive/texmf-dist/tex/generic/pgf/systemlayer/pgfsys.code.tex
Package: pgfsys 2020/12/27 v3.1.8b (3.1.8b)

(/home/fouche/texlive/texmf-dist/tex/generic/pgf/utilities/pgfkeys.code.tex
\pgfkeys@pathtoks=\toks37
\pgfkeys@temptoks=\toks38

(/home/fouche/texlive/texmf-dist/tex/generic/pgf/utilities/pgfkeysfiltered.code
.tex
\pgfkeys@tmptoks=\toks39
))
\pgf@x=\dimen182
\pgf@y=\dimen183
\pgf@xa=\dimen184
\pgf@ya=\dimen185
\pgf@xb=\dimen186
\pgf@yb=\dimen187
\pgf@xc=\dimen188
\pgf@yc=\dimen189
\pgf@xd=\dimen190
\pgf@yd=\dimen191
\w@pgf@writea=\write3
\r@pgf@reada=\read2
\c@pgf@counta=\count280
\c@pgf@countb=\count281
\c@pgf@countc=\count282
\c@pgf@countd=\count283
\t@pgf@toka=\toks40
\t@pgf@tokb=\toks41
\t@pgf@tokc=\toks42
\pgf@sys@id@count=\count284
 (/home/fouche/texlive/texmf-dist/tex/generic/pgf/systemlayer/pgf.cfg
File: pgf.cfg 2020/12/27 v3.1.8b (3.1.8b)
)
Driver file for pgf: pgfsys-pdftex.def

(/home/fouche/texlive/texmf-dist/tex/generic/pgf/systemlayer/pgfsys-pdftex.def
File: pgfsys-pdftex.def 2020/12/27 v3.1.8b (3.1.8b)

(/home/fouche/texlive/texmf-dist/tex/generic/pgf/systemlayer/pgfsys-common-pdf.
def
File: pgfsys-common-pdf.def 2020/12/27 v3.1.8b (3.1.8b)
)))
(/home/fouche/texlive/texmf-dist/tex/generic/pgf/systemlayer/pgfsyssoftpath.cod
e.tex
File: pgfsyssoftpath.code.tex 2020/12/27 v3.1.8b (3.1.8b)
\pgfsyssoftpath@smallbuffer@items=\count285
\pgfsyssoftpath@bigbuffer@items=\count286
)
(/home/fouche/texlive/texmf-dist/tex/generic/pgf/systemlayer/pgfsysprotocol.cod
e.tex
File: pgfsysprotocol.code.tex 2020/12/27 v3.1.8b (3.1.8b)
))
(/home/fouche/texlive/texmf-dist/tex/generic/pgf/basiclayer/pgfcore.code.tex
Package: pgfcore 2020/12/27 v3.1.8b (3.1.8b)

(/home/fouche/texlive/texmf-dist/tex/generic/pgf/math/pgfmath.code.tex
(/home/fouche/texlive/texmf-dist/tex/generic/pgf/math/pgfmathcalc.code.tex
(/home/fouche/texlive/texmf-dist/tex/generic/pgf/math/pgfmathutil.code.tex)
(/home/fouche/texlive/texmf-dist/tex/generic/pgf/math/pgfmathparser.code.tex
\pgfmath@dimen=\dimen192
\pgfmath@count=\count287
\pgfmath@box=\box56
\pgfmath@toks=\toks43
\pgfmath@stack@operand=\toks44
\pgfmath@stack@operation=\toks45
)
(/home/fouche/texlive/texmf-dist/tex/generic/pgf/math/pgfmathfunctions.code.tex

(/home/fouche/texlive/texmf-dist/tex/generic/pgf/math/pgfmathfunctions.basic.co
de.tex)
(/home/fouche/texlive/texmf-dist/tex/generic/pgf/math/pgfmathfunctions.trigonom
etric.code.tex)
(/home/fouche/texlive/texmf-dist/tex/generic/pgf/math/pgfmathfunctions.random.c
ode.tex)
(/home/fouche/texlive/texmf-dist/tex/generic/pgf/math/pgfmathfunctions.comparis
on.code.tex)
(/home/fouche/texlive/texmf-dist/tex/generic/pgf/math/pgfmathfunctions.base.cod
e.tex)
(/home/fouche/texlive/texmf-dist/tex/generic/pgf/math/pgfmathfunctions.round.co
de.tex)
(/home/fouche/texlive/texmf-dist/tex/generic/pgf/math/pgfmathfunctions.misc.cod
e.tex)
(/home/fouche/texlive/texmf-dist/tex/generic/pgf/math/pgfmathfunctions.integera
rithmetics.code.tex)))
(/home/fouche/texlive/texmf-dist/tex/generic/pgf/math/pgfmathfloat.code.tex
\c@pgfmathroundto@lastzeros=\count288
))
(/home/fouche/texlive/texmf-dist/tex/generic/pgf/math/pgfint.code.tex)
(/home/fouche/texlive/texmf-dist/tex/generic/pgf/basiclayer/pgfcorepoints.code.
tex
File: pgfcorepoints.code.tex 2020/12/27 v3.1.8b (3.1.8b)
\pgf@picminx=\dimen193
\pgf@picmaxx=\dimen194
\pgf@picminy=\dimen195
\pgf@picmaxy=\dimen196
\pgf@pathminx=\dimen197
\pgf@pathmaxx=\dimen198
\pgf@pathminy=\dimen256
\pgf@pathmaxy=\dimen257
\pgf@xx=\dimen258
\pgf@xy=\dimen259
\pgf@yx=\dimen260
\pgf@yy=\dimen261
\pgf@zx=\dimen262
\pgf@zy=\dimen263
)
(/home/fouche/texlive/texmf-dist/tex/generic/pgf/basiclayer/pgfcorepathconstruc
t.code.tex
File: pgfcorepathconstruct.code.tex 2020/12/27 v3.1.8b (3.1.8b)
\pgf@path@lastx=\dimen264
\pgf@path@lasty=\dimen265
)
(/home/fouche/texlive/texmf-dist/tex/generic/pgf/basiclayer/pgfcorepathusage.co
de.tex
File: pgfcorepathusage.code.tex 2020/12/27 v3.1.8b (3.1.8b)
\pgf@shorten@end@additional=\dimen266
\pgf@shorten@start@additional=\dimen267
)
(/home/fouche/texlive/texmf-dist/tex/generic/pgf/basiclayer/pgfcorescopes.code.
tex
File: pgfcorescopes.code.tex 2020/12/27 v3.1.8b (3.1.8b)
\pgfpic=\box57
\pgf@hbox=\box58
\pgf@layerbox@main=\box59
\pgf@picture@serial@count=\count289
)
(/home/fouche/texlive/texmf-dist/tex/generic/pgf/basiclayer/pgfcoregraphicstate
.code.tex
File: pgfcoregraphicstate.code.tex 2020/12/27 v3.1.8b (3.1.8b)
\pgflinewidth=\dimen268
)
(/home/fouche/texlive/texmf-dist/tex/generic/pgf/basiclayer/pgfcoretransformati
ons.code.tex
File: pgfcoretransformations.code.tex 2020/12/27 v3.1.8b (3.1.8b)
\pgf@pt@x=\dimen269
\pgf@pt@y=\dimen270
\pgf@pt@temp=\dimen271
)
(/home/fouche/texlive/texmf-dist/tex/generic/pgf/basiclayer/pgfcorequick.code.t
ex
File: pgfcorequick.code.tex 2020/12/27 v3.1.8b (3.1.8b)
)
(/home/fouche/texlive/texmf-dist/tex/generic/pgf/basiclayer/pgfcoreobjects.code
.tex
File: pgfcoreobjects.code.tex 2020/12/27 v3.1.8b (3.1.8b)
)
(/home/fouche/texlive/texmf-dist/tex/generic/pgf/basiclayer/pgfcorepathprocessi
ng.code.tex
File: pgfcorepathprocessing.code.tex 2020/12/27 v3.1.8b (3.1.8b)
)
(/home/fouche/texlive/texmf-dist/tex/generic/pgf/basiclayer/pgfcorearrows.code.
tex
File: pgfcorearrows.code.tex 2020/12/27 v3.1.8b (3.1.8b)
\pgfarrowsep=\dimen272
)
(/home/fouche/texlive/texmf-dist/tex/generic/pgf/basiclayer/pgfcoreshade.code.t
ex
File: pgfcoreshade.code.tex 2020/12/27 v3.1.8b (3.1.8b)
\pgf@max=\dimen273
\pgf@sys@shading@range@num=\count290
\pgf@shadingcount=\count291
)
(/home/fouche/texlive/texmf-dist/tex/generic/pgf/basiclayer/pgfcoreimage.code.t
ex
File: pgfcoreimage.code.tex 2020/12/27 v3.1.8b (3.1.8b)

(/home/fouche/texlive/texmf-dist/tex/generic/pgf/basiclayer/pgfcoreexternal.cod
e.tex
File: pgfcoreexternal.code.tex 2020/12/27 v3.1.8b (3.1.8b)
\pgfexternal@startupbox=\box60
))
(/home/fouche/texlive/texmf-dist/tex/generic/pgf/basiclayer/pgfcorelayers.code.
tex
File: pgfcorelayers.code.tex 2020/12/27 v3.1.8b (3.1.8b)
)
(/home/fouche/texlive/texmf-dist/tex/generic/pgf/basiclayer/pgfcoretransparency
.code.tex
File: pgfcoretransparency.code.tex 2020/12/27 v3.1.8b (3.1.8b)
)
(/home/fouche/texlive/texmf-dist/tex/generic/pgf/basiclayer/pgfcorepatterns.cod
e.tex
File: pgfcorepatterns.code.tex 2020/12/27 v3.1.8b (3.1.8b)
)
(/home/fouche/texlive/texmf-dist/tex/generic/pgf/basiclayer/pgfcorerdf.code.tex
File: pgfcorerdf.code.tex 2020/12/27 v3.1.8b (3.1.8b)
)))
(/home/fouche/texlive/texmf-dist/tex/generic/pgf/modules/pgfmoduleshapes.code.t
ex
File: pgfmoduleshapes.code.tex 2020/12/27 v3.1.8b (3.1.8b)
\pgfnodeparttextbox=\box61
)
(/home/fouche/texlive/texmf-dist/tex/generic/pgf/modules/pgfmoduleplot.code.tex
File: pgfmoduleplot.code.tex 2020/12/27 v3.1.8b (3.1.8b)
)
(/home/fouche/texlive/texmf-dist/tex/latex/pgf/compatibility/pgfcomp-version-0-
65.sty
Package: pgfcomp-version-0-65 2020/12/27 v3.1.8b (3.1.8b)
\pgf@nodesepstart=\dimen274
\pgf@nodesepend=\dimen275
)
(/home/fouche/texlive/texmf-dist/tex/latex/pgf/compatibility/pgfcomp-version-1-
18.sty
Package: pgfcomp-version-1-18 2020/12/27 v3.1.8b (3.1.8b)
)) (/home/fouche/texlive/texmf-dist/tex/latex/pgf/utilities/pgffor.sty
(/home/fouche/texlive/texmf-dist/tex/latex/pgf/utilities/pgfkeys.sty
(/home/fouche/texlive/texmf-dist/tex/generic/pgf/utilities/pgfkeys.code.tex))
(/home/fouche/texlive/texmf-dist/tex/latex/pgf/math/pgfmath.sty
(/home/fouche/texlive/texmf-dist/tex/generic/pgf/math/pgfmath.code.tex))
(/home/fouche/texlive/texmf-dist/tex/generic/pgf/utilities/pgffor.code.tex
Package: pgffor 2020/12/27 v3.1.8b (3.1.8b)

(/home/fouche/texlive/texmf-dist/tex/generic/pgf/math/pgfmath.code.tex)
\pgffor@iter=\dimen276
\pgffor@skip=\dimen277
\pgffor@stack=\toks46
\pgffor@toks=\toks47
))
(/home/fouche/texlive/texmf-dist/tex/generic/pgf/frontendlayer/tikz/tikz.code.t
ex
Package: tikz 2020/12/27 v3.1.8b (3.1.8b)

(/home/fouche/texlive/texmf-dist/tex/generic/pgf/libraries/pgflibraryplothandle
rs.code.tex
File: pgflibraryplothandlers.code.tex 2020/12/27 v3.1.8b (3.1.8b)
\pgf@plot@mark@count=\count292
\pgfplotmarksize=\dimen278
)
\tikz@lastx=\dimen279
\tikz@lasty=\dimen280
\tikz@lastxsaved=\dimen281
\tikz@lastysaved=\dimen282
\tikz@lastmovetox=\dimen283
\tikz@lastmovetoy=\dimen284
\tikzleveldistance=\dimen285
\tikzsiblingdistance=\dimen286
\tikz@figbox=\box62
\tikz@figbox@bg=\box63
\tikz@tempbox=\box64
\tikz@tempbox@bg=\box65
\tikztreelevel=\count293
\tikznumberofchildren=\count294
\tikznumberofcurrentchild=\count295
\tikz@fig@count=\count296

(/home/fouche/texlive/texmf-dist/tex/generic/pgf/modules/pgfmodulematrix.code.t
ex
File: pgfmodulematrix.code.tex 2020/12/27 v3.1.8b (3.1.8b)
\pgfmatrixcurrentrow=\count297
\pgfmatrixcurrentcolumn=\count298
\pgf@matrix@numberofcolumns=\count299
)
\tikz@expandcount=\count300

(/home/fouche/texlive/texmf-dist/tex/generic/pgf/frontendlayer/tikz/libraries/t
ikzlibrarytopaths.code.tex
File: tikzlibrarytopaths.code.tex 2020/12/27 v3.1.8b (3.1.8b)
)))
(/home/fouche/texlive/texmf-dist/tex/generic/tikz-cd/tikzlibrarycd.code.tex
(/home/fouche/texlive/texmf-dist/tex/generic/pgf/frontendlayer/tikz/libraries/t
ikzlibrarymatrix.code.tex
File: tikzlibrarymatrix.code.tex 2020/12/27 v3.1.8b (3.1.8b)
)
(/home/fouche/texlive/texmf-dist/tex/generic/pgf/frontendlayer/tikz/libraries/t
ikzlibraryquotes.code.tex
File: tikzlibraryquotes.code.tex 2020/12/27 v3.1.8b (3.1.8b)
)
(/home/fouche/texlive/texmf-dist/tex/generic/pgf/libraries/pgflibraryarrows.met
a.code.tex
File: pgflibraryarrows.meta.code.tex 2020/12/27 v3.1.8b (3.1.8b)
\pgfarrowinset=\dimen287
\pgfarrowlength=\dimen288
\pgfarrowwidth=\dimen289
\pgfarrowlinewidth=\dimen290
)))
(/home/fouche/texlive/texmf-dist/tex/latex/tcolorbox/tcolorbox.sty
Package: tcolorbox 2020/10/09 version 4.42 text color boxes

(/home/fouche/texlive/texmf-dist/tex/latex/tools/verbatim.sty
Package: verbatim 2020-07-07 v1.5u LaTeX2e package for verbatim enhancements
\every@verbatim=\toks48
\verbatim@line=\toks49
\verbatim@in@stream=\read3
)
(/home/fouche/texlive/texmf-dist/tex/latex/environ/environ.sty
Package: environ 2014/05/04 v0.3 A new way to define environments

(/home/fouche/texlive/texmf-dist/tex/latex/trimspaces/trimspaces.sty
Package: trimspaces 2009/09/17 v1.1 Trim spaces around a token list
))
(/home/fouche/texlive/texmf-dist/tex/latex/etoolbox/etoolbox.sty
Package: etoolbox 2020/10/05 v2.5k e-TeX tools for LaTeX (JAW)
\etb@tempcnta=\count301
)
\tcb@titlebox=\box66
\tcb@upperbox=\box67
\tcb@lowerbox=\box68
\tcb@phantombox=\box69
\c@tcbbreakpart=\count302
\c@tcblayer=\count303
\c@tcolorbox@number=\count304
\tcb@temp=\box70
\tcb@temp=\box71
\tcb@temp=\box72
\tcb@temp=\box73
\tcb@out=\write4
\tcb@record@out=\write5
)
(/home/fouche/texlive/texmf-dist/tex/latex/fundus-calligra/calligra.sty
Package: calligra 2012/04/10 v1.9 LaTeX package calligra
)
(/home/fouche/texlive/texmf-dist/tex/latex/minted/minted.sty
Package: minted 2017/07/19 v2.5 Yet another Pygments shim for LaTeX

(/home/fouche/texlive/texmf-dist/tex/latex/kvoptions/kvoptions.sty
Package: kvoptions 2020-10-07 v3.14 Key value format for package options (HO)

(/home/fouche/texlive/texmf-dist/tex/generic/kvsetkeys/kvsetkeys.sty
Package: kvsetkeys 2019/12/15 v1.18 Key value parser (HO)
))
(/home/fouche/texlive/texmf-dist/tex/latex/fvextra/fvextra.sty
Package: fvextra 2019/02/04 v1.4 fvextra - extensions and patches for fancyvrb

(/home/fouche/texlive/texmf-dist/tex/latex/base/ifthen.sty
Package: ifthen 2014/09/29 v1.1c Standard LaTeX ifthen package (DPC)
)
(/home/fouche/texlive/texmf-dist/tex/latex/fancyvrb/fancyvrb.sty
Package: fancyvrb 2021/01/20 v3.7 verbatim text (tvz,hv)
\FV@CodeLineNo=\count305
\FV@InFile=\read4
\FV@TabBox=\box74
\c@FancyVerbLine=\count306
\FV@StepNumber=\count307
\FV@OutFile=\write6
)
(/home/fouche/texlive/texmf-dist/tex/latex/upquote/upquote.sty
Package: upquote 2012/04/19 v1.3 upright-quote and grave-accent glyphs in verba
tim

(/home/fouche/texlive/texmf-dist/tex/latex/base/textcomp.sty
Package: textcomp 2020/02/02 v2.0n Standard LaTeX package
))
(/home/fouche/texlive/texmf-dist/tex/latex/lineno/lineno.sty
Package: lineno 2005/11/02 line numbers on paragraphs v4.41
\linenopenalty=\count308
\output=\toks50
\linenoprevgraf=\count309
\linenumbersep=\dimen291
\linenumberwidth=\dimen292
\c@linenumber=\count310
\c@pagewiselinenumber=\count311
\c@LN@truepage=\count312
\c@internallinenumber=\count313
\c@internallinenumbers=\count314
\quotelinenumbersep=\dimen293
\bframerule=\dimen294
\bframesep=\dimen295
\bframebox=\box75
LaTeX Info: Redefining \\ on input line 3056.
)
\c@FV@TrueTabGroupLevel=\count315
\c@FV@TrueTabCounter=\count316
\FV@TabBox@Group=\box76
\FV@TmpLength=\skip66
\c@FV@HighlightLinesStart=\count317
\c@FV@HighlightLinesStop=\count318
\FV@LoopCount=\count319
\FV@NCharsBox=\box77
\FV@BreakIndent=\dimen296
\FV@BreakIndentNChars=\count320
\FV@BreakSymbolSepLeft=\dimen297
\FV@BreakSymbolSepLeftNChars=\count321
\FV@BreakSymbolSepRight=\dimen298
\FV@BreakSymbolSepRightNChars=\count322
\FV@BreakSymbolIndentLeft=\dimen299
\FV@BreakSymbolIndentLeftNChars=\count323
\FV@BreakSymbolIndentRight=\dimen300
\FV@BreakSymbolIndentRightNChars=\count324
\c@FancyVerbLineBreakLast=\count325
\FV@LineBox=\box78
\FV@LineIndentBox=\box79
\FV@LineWidth=\dimen301
)
(/home/fouche/texlive/texmf-dist/tex/latex/tools/shellesc.sty
Package: shellesc 2019/11/08 v1.0c unified shell escape interface for LaTeX
Package shellesc Info: Unrestricted shell escape enabled on input line 75.
)
(/home/fouche/texlive/texmf-dist/tex/latex/ifplatform/ifplatform.sty
Package: ifplatform 2017/10/13 v0.4a Testing for the operating system

(/home/fouche/texlive/texmf-dist/tex/generic/catchfile/catchfile.sty
Package: catchfile 2019/12/09 v1.8 Catch the contents of a file (HO)
)
(/home/fouche/texlive/texmf-dist/tex/generic/iftex/ifluatex.sty
Package: ifluatex 2019/10/25 v1.5 ifluatex legacy package. Use iftex instead.
)
runsystem(uname -s > "main.w18")...executed.

 (./main.w18)
runsystem(rm -- "main.w18")...executed.

)
(/home/fouche/texlive/texmf-dist/tex/generic/xstring/xstring.sty
(/home/fouche/texlive/texmf-dist/tex/generic/xstring/xstring.tex
\integerpart=\count326
\decimalpart=\count327
)
Package: xstring 2019/02/06 v1.83 String manipulations (CT)
)
(/home/fouche/texlive/texmf-dist/tex/latex/framed/framed.sty
Package: framed 2011/10/22 v 0.96: framed or shaded text with page breaks
\OuterFrameSep=\skip67
\fb@frw=\dimen302
\fb@frh=\dimen303
\FrameRule=\dimen304
\FrameSep=\dimen305
)
(/home/fouche/texlive/texmf-dist/tex/latex/float/float.sty
Package: float 2001/11/08 v1.3d Float enhancements (AL)
\c@float@type=\count328
\float@exts=\toks51
\float@box=\box80
\@float@everytoks=\toks52
\@floatcapt=\box81
)
\minted@appexistsfile=\read5
\minted@bgbox=\box82
\minted@code=\write7
\c@minted@FancyVerbLineTemp=\count329
\c@minted@pygmentizecounter=\count330
\@float@every@listing=\toks53
\c@listing=\count331
)
runsystem(mkdir -p _minted-main)...executed.


(/home/fouche/texlive/texmf-dist/tex/generic/xypic/xy.sty
(/home/fouche/texlive/texmf-dist/tex/generic/xypic/xy.tex Bootstrap'ing:
catcodes, docmode,
(/home/fouche/texlive/texmf-dist/tex/generic/xypic/xyrecat.tex)
(/home/fouche/texlive/texmf-dist/tex/generic/xypic/xyidioms.tex)

 Xy-pic version 3.8.9 <2013/10/06>
 Copyright (c) 1991-2013 by Kristoffer H. Rose <krisrose@tug.org> and others
 Xy-pic is free software: see the User's Guide for details.

Loading kernel: messages; fonts; allocations: state,
\X@c=\dimen306
\Y@c=\dimen307
\U@c=\dimen308
\D@c=\dimen309
\L@c=\dimen310
\R@c=\dimen311
\Edge@c=\toks54
\X@p=\dimen312
\Y@p=\dimen313
\U@p=\dimen314
\D@p=\dimen315
\L@p=\dimen316
\R@p=\dimen317
\Edge@p=\toks55
\X@origin=\dimen318
\Y@origin=\dimen319
\X@xbase=\dimen320
\Y@xbase=\dimen321
\X@ybase=\dimen322
\Y@ybase=\dimen323
\X@min=\dimen324
\Y@min=\dimen325
\X@max=\dimen326
\Y@max=\dimen327
\lastobjectbox@=\box83
\zerodotbox@=\box84
\almostz@=\dimen328
 direction,
\d@X=\dimen329
\d@Y=\dimen330
\K@=\count332
\KK@=\count333
\Direction=\count334
\K@dXdY=\dimen331
\K@dYdX=\dimen332
\xyread@=\read6
\xywrite@=\write8
\csp@=\count335
\quotPTK@=\dimen333

utility macros; pictures: \xy, positions,
\swaptoks@@=\toks56
\connectobjectbox@@=\box85
 objects,
\styletoks@=\toks57
 decorations;
kernel objects: directionals, circles, text; options; algorithms: directions,
edges, connections;  Xy-pic loaded)
(/home/fouche/texlive/texmf-dist/tex/generic/iftex/ifpdf.sty
Package: ifpdf 2019/10/25 v3.4 ifpdf legacy package. Use iftex instead.
)
Package: xy 2013/10/06 Xy-pic version 3.8.9

(/home/fouche/texlive/texmf-dist/tex/generic/xypic/xyall.tex
 Xy-pic option: All features v.3.8
(/home/fouche/texlive/texmf-dist/tex/generic/xypic/xycurve.tex
 Xy-pic option: Curve and Spline extension v.3.12 curve,
\crv@cnt@=\count336
\crvpts@=\toks58
\splinebox@=\box86
\splineval@=\dimen334
\splinedepth@=\dimen335
\splinetol@=\dimen336
\splinelength@=\dimen337
 circles,
\L@=\dimen338
 loaded)
(/home/fouche/texlive/texmf-dist/tex/generic/xypic/xyframe.tex
 Xy-pic option: Frame and Bracket extension v.3.14 loaded)
(/home/fouche/texlive/texmf-dist/tex/generic/xypic/xycmtip.tex
 Xy-pic option: Computer Modern tip extension v.3.7
(/home/fouche/texlive/texmf-dist/tex/generic/xypic/xytips.tex
 Xy-pic option: More Tips extension v.3.11 loaded) loaded)
(/home/fouche/texlive/texmf-dist/tex/generic/xypic/xyline.tex
 Xy-pic option: Line styles extension v.3.10
\xylinethick@=\dimen339
 loaded)
(/home/fouche/texlive/texmf-dist/tex/generic/xypic/xyrotate.tex
 Xy-pic option: Rotate and Scale extension v.3.8 loaded)
(/home/fouche/texlive/texmf-dist/tex/generic/xypic/xycolor.tex
 Xy-pic option: Colour extension v.3.11 loaded)
(/home/fouche/texlive/texmf-dist/tex/generic/xypic/xymatrix.tex
 Xy-pic option: Matrix feature v.3.14
\Row=\count337
\Col=\count338
\queue@=\toks59
\queue@@=\toks60
\qcount@=\count339
\qcount@@=\count340
\matrixsize@=\count341
 loaded)
(/home/fouche/texlive/texmf-dist/tex/generic/xypic/xyarrow.tex
 Xy-pic option: Arrow and Path feature v.3.9 path, \ar, loaded)
(/home/fouche/texlive/texmf-dist/tex/generic/xypic/xygraph.tex
 Xy-pic option: Graph feature v.3.11 loaded) loaded)
(/home/fouche/texlive/texmf-dist/tex/generic/xypic/xy2cell.tex
 Xy-pic option: Two-cell feature v.3.7 two-cells, loaded)
(/home/fouche/texlive/texmf-dist/tex/generic/xypic/xypdf.tex
 Xy-pic option: PDF driver v.1.7 Xy-pic pdf driver: `color' extension support
(/home/fouche/texlive/texmf-dist/tex/generic/xypic/xypdf-co.tex loaded)
Xy-pic pdf driver: `curve' extension support
(/home/fouche/texlive/texmf-dist/tex/generic/xypic/xypdf-cu.tex loaded)
Xy-pic pdf driver: `frame' extension support
(/home/fouche/texlive/texmf-dist/tex/generic/xypic/xypdf-fr.tex loaded)
Xy-pic pdf driver: `line' extension support
(/home/fouche/texlive/texmf-dist/tex/generic/xypic/xypdf-li.tex loaded)
Xy-pic pdf driver: `rotate' extension support
(/home/fouche/texlive/texmf-dist/tex/generic/xypic/xypdf-ro.tex loaded) loaded)
) (/home/fouche/texlive/texmf-dist/tex/latex/hyperref/hyperref.sty
Package: hyperref 2021-02-27 v7.00k Hypertext links for LaTeX

(/home/fouche/texlive/texmf-dist/tex/generic/kvdefinekeys/kvdefinekeys.sty
Package: kvdefinekeys 2019-12-19 v1.6 Define keys (HO)
)
(/home/fouche/texlive/texmf-dist/tex/generic/pdfescape/pdfescape.sty
Package: pdfescape 2019/12/09 v1.15 Implements pdfTeX's escape features (HO)
)
(/home/fouche/texlive/texmf-dist/tex/latex/hycolor/hycolor.sty
Package: hycolor 2020-01-27 v1.10 Color options for hyperref/bookmark (HO)
)
(/home/fouche/texlive/texmf-dist/tex/latex/letltxmacro/letltxmacro.sty
Package: letltxmacro 2019/12/03 v1.6 Let assignment for LaTeX macros (HO)
)
(/home/fouche/texlive/texmf-dist/tex/latex/auxhook/auxhook.sty
Package: auxhook 2019-12-17 v1.6 Hooks for auxiliary files (HO)
)
\@linkdim=\dimen340
\Hy@linkcounter=\count342
\Hy@pagecounter=\count343

(/home/fouche/texlive/texmf-dist/tex/latex/hyperref/pd1enc.def
File: pd1enc.def 2021-02-27 v7.00k Hyperref: PDFDocEncoding definition (HO)
Now handling font encoding PD1 ...
... no UTF-8 mapping file for font encoding PD1
)
(/home/fouche/texlive/texmf-dist/tex/latex/hyperref/hyperref-langpatches.def
File: hyperref-langpatches.def 2021-02-27 v7.00k Hyperref: patches for babel la
nguages
)
(/home/fouche/texlive/texmf-dist/tex/generic/intcalc/intcalc.sty
Package: intcalc 2019/12/15 v1.3 Expandable calculations with integers (HO)
)
\Hy@SavedSpaceFactor=\count344

(/home/fouche/texlive/texmf-dist/tex/latex/hyperref/puenc.def
File: puenc.def 2021-02-27 v7.00k Hyperref: PDF Unicode definition (HO)
Now handling font encoding PU ...
... no UTF-8 mapping file for font encoding PU
)
Package hyperref Info: Option `hyperfootnotes' set `true' on input line 4073.
Package hyperref Info: Option `bookmarksnumbered' set `true' on input line 4073
.
Package hyperref Info: Option `bookmarksopen' set `true' on input line 4073.
Package hyperref Info: Option `breaklinks' set `true' on input line 4073.
Package hyperref Info: Option `colorlinks' set `true' on input line 4073.
Package hyperref Info: Hyper figures OFF on input line 4192.
Package hyperref Info: Link nesting OFF on input line 4197.
Package hyperref Info: Hyper index ON on input line 4200.
Package hyperref Info: Plain pages OFF on input line 4207.
Package hyperref Info: Backreferencing OFF on input line 4212.
Package hyperref Info: Implicit mode ON; LaTeX internals redefined.
Package hyperref Info: Bookmarks ON on input line 4445.
\c@Hy@tempcnt=\count345

(/home/fouche/texlive/texmf-dist/tex/latex/url/url.sty
\Urlmuskip=\muskip17
Package: url 2013/09/16  ver 3.4  Verb mode for urls, etc.
)
LaTeX Info: Redefining \url on input line 4804.
\XeTeXLinkMargin=\dimen341

(/home/fouche/texlive/texmf-dist/tex/generic/bitset/bitset.sty
Package: bitset 2019/12/09 v1.3 Handle bit-vector datatype (HO)

(/home/fouche/texlive/texmf-dist/tex/generic/bigintcalc/bigintcalc.sty
Package: bigintcalc 2019/12/15 v1.5 Expandable calculations on big integers (HO
)
))
\Fld@menulength=\count346
\Field@Width=\dimen342
\Fld@charsize=\dimen343
Package hyperref Info: Hyper figures OFF on input line 6075.
Package hyperref Info: Link nesting OFF on input line 6080.
Package hyperref Info: Hyper index ON on input line 6083.
Package hyperref Info: backreferencing OFF on input line 6090.
Package hyperref Info: Link coloring ON on input line 6093.
Package hyperref Info: Link coloring with OCG OFF on input line 6100.
Package hyperref Info: PDF/A mode OFF on input line 6105.
LaTeX Info: Redefining \ref on input line 6145.
LaTeX Info: Redefining \pageref on input line 6149.

(/home/fouche/texlive/texmf-dist/tex/latex/base/atbegshi-ltx.sty
Package: atbegshi-ltx 2020/08/17 v1.0a Emulation of the original atbegshi packa
ge
with kernel methods
)
\Hy@abspage=\count347
\c@Item=\count348
\c@Hfootnote=\count349
)
Package hyperref Info: Driver (autodetected): hpdftex.

(/home/fouche/texlive/texmf-dist/tex/latex/hyperref/hpdftex.def
File: hpdftex.def 2021-02-27 v7.00k Hyperref driver for pdfTeX

(/home/fouche/texlive/texmf-dist/tex/latex/base/atveryend-ltx.sty
Package: atveryend-ltx 2020/08/19 v1.0a Emulation of the original atvery packag
e
with kernel methods
)
\Fld@listcount=\count350
\c@bookmark@seq@number=\count351

(/home/fouche/texlive/texmf-dist/tex/latex/rerunfilecheck/rerunfilecheck.sty
Package: rerunfilecheck 2019/12/05 v1.9 Rerun checks for auxiliary files (HO)

(/home/fouche/texlive/texmf-dist/tex/generic/uniquecounter/uniquecounter.sty
Package: uniquecounter 2019/12/15 v1.4 Provide unlimited unique counter (HO)
)
Package uniquecounter Info: New unique counter `rerunfilecheck' on input line 2
86.
)
\Hy@SectionHShift=\skip68
)
\c@theorem=\count352
\c@corollary=\count353
\c@proposition=\count354
\c@lemma=\count355
\c@claim=\count356
\c@definition=\count357
\c@notation=\count358
\c@remark=\count359
\c@conjecture=\count360
\c@axiom=\count361
\c@example=\count362
\c@examples=\count363
\c@exercise=\count364
\c@counterexample=\count365
\c@construction=\count366
\c@warning=\count367
\c@digression=\count368
\c@perspective=\count369
\c@discussion=\count370
\c@terminology=\count371
\c@heuristics=\count372
\seplen=\skip69
\sepwid=\skip70
(/home/fouche/texlive/texmf-dist/tex/latex/tcolorbox/tcbraster.code.tex
Library (tcolorbox): 'tcbraster.code.tex' version '4.42'
\c@tcbrastercolumn=\count373
\c@tcbrasterrow=\count374
\c@tcbraster=\count375
) (/home/fouche/texlive/texmf-dist/tex/latex/tcolorbox/tcbskins.code.tex
Library (tcolorbox): 'tcbskins.code.tex' version '4.42'
\tcb@waterbox=\box87
(/home/fouche/texlive/texmf-dist/tex/latex/tcolorbox/tcbskinsjigsaw.code.tex
Library (tcolorbox): 'tcbskinsjigsaw.code.tex' version '4.42'
)) (/home/fouche/texlive/texmf-dist/tex/latex/tcolorbox/tcbbreakable.code.tex
Library (tcolorbox): 'tcbbreakable.code.tex' version '4.42'
(/home/fouche/texlive/texmf-dist/tex/generic/oberdiek/pdfcol.sty
Package: pdfcol 2019/12/29 v1.6 Handle new color stacks for pdfTeX (HO)
)
Package pdfcol Info: New color stack `tcb@breakable' = 1 on input line 23.
\tcb@testbox=\box88
\tcb@totalupperbox=\box89
\tcb@totallowerbox=\box90
)
(/home/fouche/texlive/texmf-dist/tex/latex/tcolorbox/tcbhooks.code.tex
Library (tcolorbox): 'tcbhooks.code.tex' version '4.42'
) (/home/fouche/texlive/texmf-dist/tex/latex/tcolorbox/tcbtheorems.code.tex
Library (tcolorbox): 'tcbtheorems.code.tex' version '4.42'
) (/home/fouche/texlive/texmf-dist/tex/latex/tcolorbox/tcbfitting.code.tex
Library (tcolorbox): 'tcbfitting.code.tex' version '4.42'
\tcbfitdim=\dimen344
\tcb@lowerfitdim=\dimen345
\tcb@upperfitdim=\dimen346
\tcb@cur@hbadness=\count376
) (/home/fouche/texlive/texmf-dist/tex/latex/tcolorbox/tcbxparse.code.tex
Library (tcolorbox): 'tcbxparse.code.tex' version '4.42'
) (/home/fouche/texlive/texmf-dist/tex/latex/tcolorbox/tcblistingsutf8.code.tex
Library (tcolorbox): 'tcblistingsutf8.code.tex' version '4.42'
(/home/fouche/texlive/texmf-dist/tex/latex/tcolorbox/tcblistings.code.tex
Library (tcolorbox): 'tcblistings.code.tex' version '4.42'
(/home/fouche/texlive/texmf-dist/tex/latex/listings/listings.sty
\lst@mode=\count377
\lst@gtempboxa=\box91
\lst@token=\toks61
\lst@length=\count378
\lst@currlwidth=\dimen347
\lst@column=\count379
\lst@pos=\count380
\lst@lostspace=\dimen348
\lst@width=\dimen349
\lst@newlines=\count381
\lst@lineno=\count382
\lst@maxwidth=\dimen350

(/home/fouche/texlive/texmf-dist/tex/latex/listings/lstmisc.sty
File: lstmisc.sty 2020/03/24 1.8d (Carsten Heinz)
\c@lstnumber=\count383
\lst@skipnumbers=\count384
\lst@framebox=\box92
)
(/home/fouche/texlive/texmf-dist/tex/latex/listings/listings.cfg
File: listings.cfg 2020/03/24 1.8d listings configuration
))
Package: listings 2020/03/24 1.8d (Carsten Heinz)

(/home/fouche/texlive/texmf-dist/tex/latex/tcolorbox/tcblistingscore.code.tex
Library (tcolorbox): 'tcblistingscore.code.tex' version '4.42'
(/home/fouche/texlive/texmf-dist/tex/latex/tcolorbox/tcbprocessing.code.tex
Library (tcolorbox): 'tcbprocessing.code.tex' version '4.42'
)
\c@tcblisting=\count385
)) (/home/fouche/texlive/texmf-dist/tex/latex/listingsutf8/listingsutf8.sty
Package: listingsutf8 2019-12-10 v1.5 Allow UTF-8 in listings input (HO)

(/home/fouche/texlive/texmf-dist/tex/generic/stringenc/stringenc.sty
Package: stringenc 2019/11/29 v1.12 Convert strings between diff. encodings (HO
)
)))
(/home/fouche/texlive/texmf-dist/tex/latex/tcolorbox/tcbexternal.code.tex
Library (tcolorbox): 'tcbexternal.code.tex' version '4.42'
) (/home/fouche/texlive/texmf-dist/tex/latex/tcolorbox/tcbmagazine.code.tex
Library (tcolorbox): 'tcbmagazine.code.tex' version '4.42'
) (/home/fouche/texlive/texmf-dist/tex/latex/tcolorbox/tcbvignette.code.tex
Library (tcolorbox): 'tcbvignette.code.tex' version '4.42'

(/home/fouche/texlive/texmf-dist/tex/generic/pgf/frontendlayer/tikz/libraries/t
ikzlibraryfadings.code.tex
File: tikzlibraryfadings.code.tex 2020/12/27 v3.1.8b (3.1.8b)

(/home/fouche/texlive/texmf-dist/tex/generic/pgf/libraries/pgflibraryfadings.co
de.tex
File: pgflibraryfadings.code.tex 2020/12/27 v3.1.8b (3.1.8b)
)))
(/home/fouche/texlive/texmf-dist/tex/latex/tcolorbox/tcbposter.code.tex
Library (tcolorbox): 'tcbposter.code.tex' version '4.42'
)) (../macros.tex (/home/fouche/texlive/texmf-dist/tex/latex/tools/xspace.sty
Package: xspace 2014/10/28 v1.13 Space after command names (DPC,MH)
)
(/home/fouche/texlive/texmf-dist/tex/latex/lkproof/proof.sty
\inferLineSkip=\dimen351
\inferLabelSkip=\dimen352
\@LeftOffset=\dimen353
\@RightOffset=\dimen354
\@SavedLeftOffset=\dimen355
\UpperWidth=\dimen356
\LowerWidth=\dimen357
\LowerHeight=\dimen358
\UpperLeftOffset=\dimen359
\UpperRightOffset=\dimen360
\UpperCenter=\dimen361
\LowerCenter=\dimen362
\UpperAdjust=\dimen363
\RuleAdjust=\dimen364
\LowerAdjust=\dimen365
\RuleWidth=\dimen366
\HLabelAdjust=\dimen367
\VLabelAdjust=\dimen368
\WidthAdjust=\dimen369
\@UpperPart=\box93
\@LowerPart=\box94
\@LabelPart=\box95
\ResultBox=\box96
)
(/home/fouche/texlive/texmf-dist/tex/latex/fontawesome/fontawesome.sty
Package: fontawesome 2016/05/15 v4.6.3.1 font awesome icons

(/home/fouche/texlive/texmf-dist/tex/generic/iftex/ifxetex.sty
Package: ifxetex 2019/10/25 v0.7 ifxetex legacy package. Use iftex instead.
)
(/home/fouche/texlive/texmf-dist/tex/latex/fontawesome/fontawesomesymbols-gener
ic.tex)
(/home/fouche/texlive/texmf-dist/tex/latex/fontawesome/fontawesomesymbols-pdfte
x.tex)) (/home/fouche/texlive/texmf-dist/tex/latex/anyfontsize/anyfontsize.sty
Package: anyfontsize 2007/11/22 anyfontsize.sty by pts
) (/home/fouche/texlive/texmf-dist/tex/latex/tikzsymbols/tikzsymbols.sty
Package: tikzsymbols 2019/02/08 v4.10c Some symbols created using tikz and LaTe
X3.

(/home/fouche/texlive/texmf-dist/tex/latex/l3packages/l3keys2e/l3keys2e.sty
Package: l3keys2e 2021-02-02 LaTeX2e option processing using LaTeX3 keys
)
(/home/fouche/texlive/texmf-dist/tex/generic/pgf/frontendlayer/tikz/libraries/t
ikzlibraryarrows.code.tex
File: tikzlibraryarrows.code.tex 2020/12/27 v3.1.8b (3.1.8b)

(/home/fouche/texlive/texmf-dist/tex/generic/pgf/libraries/pgflibraryarrows.cod
e.tex
File: pgflibraryarrows.code.tex 2020/12/27 v3.1.8b (3.1.8b)
\arrowsize=\dimen370
))
(/home/fouche/texlive/texmf-dist/tex/generic/pgf/frontendlayer/tikz/libraries/t
ikzlibrarydecorations.pathmorphing.code.tex
(/home/fouche/texlive/texmf-dist/tex/generic/pgf/frontendlayer/tikz/libraries/t
ikzlibrarydecorations.code.tex
(/home/fouche/texlive/texmf-dist/tex/generic/pgf/modules/pgfmoduledecorations.c
ode.tex
\pgfdecoratedcompleteddistance=\dimen371
\pgfdecoratedremainingdistance=\dimen372
\pgfdecoratedinputsegmentcompleteddistance=\dimen373
\pgfdecoratedinputsegmentremainingdistance=\dimen374
\pgf@decorate@distancetomove=\dimen375
\pgf@decorate@repeatstate=\count386
\pgfdecorationsegmentamplitude=\dimen376
\pgfdecorationsegmentlength=\dimen377
)
\tikz@lib@dec@box=\box97
)
(/home/fouche/texlive/texmf-dist/tex/generic/pgf/libraries/decorations/pgflibra
rydecorations.pathmorphing.code.tex))
(/home/fouche/texlive/texmf-dist/tex/generic/pgf/frontendlayer/tikz/libraries/t
ikzlibrarytrees.code.tex
File: tikzlibrarytrees.code.tex 2020/12/27 v3.1.8b (3.1.8b)
)
\l__tikzsymbols_Moai_thickness_dim=\dimen378
)
(/home/fouche/texlive/texmf-dist/tex/latex/velthuis/devanagari.sty
Package: devanagari 2019/03/05 v2.17.1 LaTeX macros for Velthuis Devanagari
\dev@chnum=\count387
\itdim=\dimen379
LaTeX Info: Redefining \dn@commands on input line 238.
\anudep=\dimen380
\anuwid=\dimen381
)
(/home/fouche/texlive/texmf-dist/tex/latex/dejavu/DejaVuSansMono.sty
Package: DejaVuSansMono 2011/06/01 Style file for DejaVuSansMono.
)
(/home/fouche/texlive/texmf-dist/tex/latex/cjk/texinput/CJKutf8.sty
Package: CJKutf8 2015/04/18 4.8.4

(/home/fouche/texlive/texmf-dist/tex/latex/cjk/texinput/CJK.sty
Package: CJK 2015/04/18 4.8.4

(/home/fouche/texlive/texmf-dist/tex/latex/cjk/texinput/mule/MULEenc.sty
Package: MULEenc 2015/04/18 4.8.4
)
(/home/fouche/texlive/texmf-dist/tex/latex/cjk/texinput/CJK.enc
File: CJK.enc 2015/04/18 4.8.4
Now handling font encoding C00 ...
... no UTF-8 mapping file for font encoding C00
Now handling font encoding C05 ...
... no UTF-8 mapping file for font encoding C05
Now handling font encoding C09 ...
... no UTF-8 mapping file for font encoding C09
Now handling font encoding C10 ...
... no UTF-8 mapping file for font encoding C10
Now handling font encoding C20 ...
... no UTF-8 mapping file for font encoding C20
Now handling font encoding C19 ...
... no UTF-8 mapping file for font encoding C19
Now handling font encoding C40 ...
... no UTF-8 mapping file for font encoding C40
Now handling font encoding C42 ...
... no UTF-8 mapping file for font encoding C42
Now handling font encoding C43 ...
... no UTF-8 mapping file for font encoding C43
Now handling font encoding C50 ...
... no UTF-8 mapping file for font encoding C50
Now handling font encoding C52 ...
... no UTF-8 mapping file for font encoding C52
Now handling font encoding C49 ...
... no UTF-8 mapping file for font encoding C49
Now handling font encoding C60 ...
... no UTF-8 mapping file for font encoding C60
Now handling font encoding C61 ...
... no UTF-8 mapping file for font encoding C61
Now handling font encoding C63 ...
... no UTF-8 mapping file for font encoding C63
Now handling font encoding C64 ...
... no UTF-8 mapping file for font encoding C64
Now handling font encoding C65 ...
... no UTF-8 mapping file for font encoding C65
Now handling font encoding C70 ...
... no UTF-8 mapping file for font encoding C70
Now handling font encoding C31 ...
... no UTF-8 mapping file for font encoding C31
Now handling font encoding C32 ...
... no UTF-8 mapping file for font encoding C32
Now handling font encoding C33 ...
... no UTF-8 mapping file for font encoding C33
Now handling font encoding C34 ...
... no UTF-8 mapping file for font encoding C34
Now handling font encoding C35 ...
... no UTF-8 mapping file for font encoding C35
Now handling font encoding C36 ...
... no UTF-8 mapping file for font encoding C36
Now handling font encoding C37 ...
... no UTF-8 mapping file for font encoding C37
Now handling font encoding C80 ...
... no UTF-8 mapping file for font encoding C80
Now handling font encoding C81 ...
... no UTF-8 mapping file for font encoding C81
Now handling font encoding C01 ...
... no UTF-8 mapping file for font encoding C01
Now handling font encoding C11 ...
... no UTF-8 mapping file for font encoding C11
Now handling font encoding C21 ...
... no UTF-8 mapping file for font encoding C21
Now handling font encoding C41 ...
... no UTF-8 mapping file for font encoding C41
Now handling font encoding C62 ...
... no UTF-8 mapping file for font encoding C62
)
LaTeX Info: Redefining \selectfont on input line 755.
\CJK@indent=\box98
)
(/home/fouche/texlive/texmf-dist/tex/latex/base/fontenc.sty
Package: fontenc 2020/08/10 v2.0s Standard LaTeX package
)))
(/home/fouche/texlive/texmf-dist/tex/latex/mlmodern/mlmodern.sty
Package: mlmodern 2021/01/12 v1.1 Modified Latin Modern Fonts
LaTeX Font Info:    Overwriting symbol font `operators' in version `normal'
(Font)                  OT1/cmr/m/n --> OT1/mlmr/m/n on input line 27.
LaTeX Font Info:    Overwriting symbol font `letters' in version `normal'
(Font)                  OML/cmm/m/it --> OML/mlmm/m/it on input line 28.
LaTeX Font Info:    Overwriting symbol font `symbols' in version `normal'
(Font)                  OMS/cmsy/m/n --> OMS/mlmsy/m/n on input line 29.
LaTeX Font Info:    Overwriting symbol font `largesymbols' in version `normal'
(Font)                  OMX/cmex/m/n --> OMX/mlmex/m/n on input line 30.
LaTeX Font Info:    Overwriting symbol font `operators' in version `bold'
(Font)                  OT1/cmr/bx/n --> OT1/mlmr/bx/n on input line 31.
LaTeX Font Info:    Overwriting symbol font `letters' in version `bold'
(Font)                  OML/cmm/b/it --> OML/mlmm/b/it on input line 32.
LaTeX Font Info:    Overwriting symbol font `symbols' in version `bold'
(Font)                  OMS/cmsy/b/n --> OMS/mlmsy/b/n on input line 33.
LaTeX Font Info:    Overwriting symbol font `largesymbols' in version `bold'
(Font)                  OMX/cmex/m/n --> OMX/mlmex/m/n on input line 34.
LaTeX Font Info:    Overwriting math alphabet `\mathbf' in version `normal'
(Font)                  OT1/cmr/bx/n --> OT1/mlmr/bx/n on input line 36.
LaTeX Font Info:    Overwriting math alphabet `\mathsf' in version `normal'
(Font)                  OT1/cmss/m/n --> OT1/mlmss/m/n on input line 37.
LaTeX Font Info:    Overwriting math alphabet `\mathit' in version `normal'
(Font)                  OT1/cmr/m/it --> OT1/mlmr/m/it on input line 38.
LaTeX Font Info:    Overwriting math alphabet `\mathtt' in version `normal'
(Font)                  OT1/cmtt/m/n --> OT1/mlmtt/m/n on input line 39.
LaTeX Font Info:    Overwriting math alphabet `\mathbf' in version `bold'
(Font)                  OT1/cmr/bx/n --> OT1/mlmr/bx/n on input line 40.
LaTeX Font Info:    Overwriting math alphabet `\mathsf' in version `bold'
(Font)                  OT1/cmss/bx/n --> OT1/mlmss/bx/n on input line 41.
LaTeX Font Info:    Overwriting math alphabet `\mathit' in version `bold'
(Font)                  OT1/cmr/bx/it --> OT1/mlmr/bx/it on input line 42.
LaTeX Font Info:    Overwriting math alphabet `\mathtt' in version `bold'
(Font)                  OT1/cmtt/m/n --> OT1/mlmtt/m/n on input line 43.
)
(../authors.tex)
(/home/fouche/texlive/texmf-dist/tex/latex/booktabs/booktabs.sty
Package: booktabs 2020/01/12 v1.61803398 Publication quality tables
\heavyrulewidth=\dimen382
\lightrulewidth=\dimen383
\cmidrulewidth=\dimen384
\belowrulesep=\dimen385
\belowbottomsep=\dimen386
\aboverulesep=\dimen387
\abovetopsep=\dimen388
\cmidrulesep=\dimen389
\cmidrulekern=\dimen390
\defaultaddspace=\dimen391
\@cmidla=\count388
\@cmidlb=\count389
\@aboverulesep=\dimen392
\@belowrulesep=\dimen393
\@thisruleclass=\count390
\@lastruleclass=\count391
\@thisrulewidth=\dimen394
)
runsystem(which pygmentize && touch main.aex)...executed.

runsystem(rm main.aex)...executed.

LaTeX Font Info:    Trying to load font information for T1+mlmr on input line 2
5.

(/home/fouche/texlive/texmf-dist/tex/latex/mlmodern/t1mlmr.fd
File: t1mlmr.fd 2021/01/11 v1.0 Font defs for mlmodern
) (./main.aux)
\openout1 = `main.aux'.

LaTeX Font Info:    Checking defaults for OML/cmm/m/it on input line 25.
LaTeX Font Info:    ... okay on input line 25.
LaTeX Font Info:    Checking defaults for OMS/cmsy/m/n on input line 25.
LaTeX Font Info:    ... okay on input line 25.
LaTeX Font Info:    Checking defaults for OT1/cmr/m/n on input line 25.
LaTeX Font Info:    ... okay on input line 25.
LaTeX Font Info:    Checking defaults for T1/cmr/m/n on input line 25.
LaTeX Font Info:    ... okay on input line 25.
LaTeX Font Info:    Checking defaults for TS1/cmr/m/n on input line 25.
LaTeX Font Info:    ... okay on input line 25.
LaTeX Font Info:    Checking defaults for OMX/cmex/m/n on input line 25.
LaTeX Font Info:    ... okay on input line 25.
LaTeX Font Info:    Checking defaults for U/dn/m/n on input line 25.
LaTeX Font Info:    Trying to load font information for U+dn on input line 25.

(/home/fouche/texlive/texmf-dist/tex/latex/velthuis/udn.fd
File: Udn.fd 2004/08/03 v2.14
)
LaTeX Font Info:    ... okay on input line 25.
LaTeX Font Info:    Checking defaults for PD1/pdf/m/n on input line 25.
LaTeX Font Info:    ... okay on input line 25.
LaTeX Font Info:    Checking defaults for PU/pdf/m/n on input line 25.
LaTeX Font Info:    ... okay on input line 25.
LaTeX Font Info:    Checking defaults for C00/song/m/n on input line 25.
LaTeX Font Info:    ... okay on input line 25.
LaTeX Font Info:    Checking defaults for C05/song/m/n on input line 25.
LaTeX Font Info:    ... okay on input line 25.
LaTeX Font Info:    Checking defaults for C09/song/m/n on input line 25.
LaTeX Font Info:    ... okay on input line 25.
LaTeX Font Info:    Checking defaults for C10/song/m/n on input line 25.
LaTeX Font Info:    ... okay on input line 25.
LaTeX Font Info:    Checking defaults for C20/song/m/n on input line 25.
LaTeX Font Info:    ... okay on input line 25.
LaTeX Font Info:    Checking defaults for C19/song/m/n on input line 25.
LaTeX Font Info:    ... okay on input line 25.
LaTeX Font Info:    Checking defaults for C40/song/m/n on input line 25.
LaTeX Font Info:    ... okay on input line 25.
LaTeX Font Info:    Checking defaults for C42/song/m/n on input line 25.
LaTeX Font Info:    ... okay on input line 25.
LaTeX Font Info:    Checking defaults for C43/song/m/n on input line 25.
LaTeX Font Info:    ... okay on input line 25.
LaTeX Font Info:    Checking defaults for C50/song/m/n on input line 25.
LaTeX Font Info:    ... okay on input line 25.
LaTeX Font Info:    Checking defaults for C52/song/m/n on input line 25.
LaTeX Font Info:    ... okay on input line 25.
LaTeX Font Info:    Checking defaults for C49/song/m/n on input line 25.
LaTeX Font Info:    ... okay on input line 25.
LaTeX Font Info:    Checking defaults for C60/mj/m/n on input line 25.
LaTeX Font Info:    ... okay on input line 25.
LaTeX Font Info:    Checking defaults for C61/mj/m/n on input line 25.
LaTeX Font Info:    ... okay on input line 25.
LaTeX Font Info:    Checking defaults for C63/mj/m/n on input line 25.
LaTeX Font Info:    ... okay on input line 25.
LaTeX Font Info:    Checking defaults for C64/mj/m/n on input line 25.
LaTeX Font Info:    ... okay on input line 25.
LaTeX Font Info:    Checking defaults for C65/mj/m/n on input line 25.
LaTeX Font Info:    ... okay on input line 25.
LaTeX Font Info:    Checking defaults for C70/song/m/n on input line 25.
LaTeX Font Info:    ... okay on input line 25.
LaTeX Font Info:    Checking defaults for C31/song/m/n on input line 25.
LaTeX Font Info:    ... okay on input line 25.
LaTeX Font Info:    Checking defaults for C32/song/m/n on input line 25.
LaTeX Font Info:    ... okay on input line 25.
LaTeX Font Info:    Checking defaults for C33/song/m/n on input line 25.
LaTeX Font Info:    ... okay on input line 25.
LaTeX Font Info:    Checking defaults for C34/song/m/n on input line 25.
LaTeX Font Info:    ... okay on input line 25.
LaTeX Font Info:    Checking defaults for C35/song/m/n on input line 25.
LaTeX Font Info:    ... okay on input line 25.
LaTeX Font Info:    Checking defaults for C36/song/m/n on input line 25.
LaTeX Font Info:    ... okay on input line 25.
LaTeX Font Info:    Checking defaults for C37/song/m/n on input line 25.
LaTeX Font Info:    ... okay on input line 25.
LaTeX Font Info:    Checking defaults for C80/song/m/n on input line 25.
LaTeX Font Info:    ... okay on input line 25.
LaTeX Font Info:    Checking defaults for C81/song/m/n on input line 25.
LaTeX Font Info:    ... okay on input line 25.
LaTeX Font Info:    Checking defaults for C01/song/m/n on input line 25.
LaTeX Font Info:    ... okay on input line 25.
LaTeX Font Info:    Checking defaults for C11/song/m/n on input line 25.
LaTeX Font Info:    ... okay on input line 25.
LaTeX Font Info:    Checking defaults for C21/song/m/n on input line 25.
LaTeX Font Info:    ... okay on input line 25.
LaTeX Font Info:    Checking defaults for C41/song/m/n on input line 25.
LaTeX Font Info:    ... okay on input line 25.
LaTeX Font Info:    Checking defaults for C62/song/m/n on input line 25.
LaTeX Font Info:    ... okay on input line 25.
LaTeX Font Info:    Trying to load font information for OT1+mlmr on input line 
25.

(/home/fouche/texlive/texmf-dist/tex/latex/mlmodern/ot1mlmr.fd
File: ot1mlmr.fd 2021/01/11 v1.0 Font defs for mlmodern
)
LaTeX Font Info:    Trying to load font information for OML+mlmm on input line 
25.

(/home/fouche/texlive/texmf-dist/tex/latex/mlmodern/omlmlmm.fd
File: omlmlmm.fd 2021/01/11 v1.0 Font defs for mlmodern
)
LaTeX Font Info:    Trying to load font information for OMS+mlmsy on input line
 25.

(/home/fouche/texlive/texmf-dist/tex/latex/mlmodern/omsmlmsy.fd
File: omsmlmsy.fd 2021/01/11 v1.0 Font defs for mlmodern
)
LaTeX Font Info:    Trying to load font information for OMX+mlmex on input line
 25.

(/home/fouche/texlive/texmf-dist/tex/latex/mlmodern/omxmlmex.fd
File: omxmlmex.fd 2021/01/11 v1.0 Font defs for mlmodern
)
LaTeX Font Info:    External font `mlmex10' loaded for size
(Font)              <8> on input line 25.
LaTeX Font Info:    External font `mlmex10' loaded for size
(Font)              <6> on input line 25.
LaTeX Font Info:    External font `mlmex10' loaded for size
(Font)              <5> on input line 25.
LaTeX Font Info:    Trying to load font information for U+msa on input line 25.


(/home/fouche/texlive/texmf-dist/tex/latex/amsfonts/umsa.fd
File: umsa.fd 2013/01/14 v3.01 AMS symbols A
)
LaTeX Font Info:    Trying to load font information for U+msb on input line 25.


(/home/fouche/texlive/texmf-dist/tex/latex/amsfonts/umsb.fd
File: umsb.fd 2013/01/14 v3.01 AMS symbols B
)
LaTeX Font Info:    Trying to load font information for U+stmry on input line 2
5.

(/home/fouche/texlive/texmf-dist/tex/latex/stmaryrd/Ustmry.fd)
(/home/fouche/texlive/texmf-dist/tex/context/base/mkii/supp-pdf.mkii
[Loading MPS to PDF converter (version 2006.09.02).]
\scratchcounter=\count392
\scratchdimen=\dimen395
\scratchbox=\box99
\nofMPsegments=\count393
\nofMParguments=\count394
\everyMPshowfont=\toks62
\MPscratchCnt=\count395
\MPscratchDim=\dimen396
\MPnumerator=\count396
\makeMPintoPDFobject=\count397
\everyMPtoPDFconversion=\toks63
) (/home/fouche/texlive/texmf-dist/tex/latex/epstopdf-pkg/epstopdf-base.sty
Package: epstopdf-base 2020-01-24 v2.11 Base part for package epstopdf
Package epstopdf-base Info: Redefining graphics rule for `.eps' on input line 4
85.

(/home/fouche/texlive/texmf-dist/tex/latex/latexconfig/epstopdf-sys.cfg
File: epstopdf-sys.cfg 2010/07/13 v1.3 Configuration of (r)epstopdf for TeX Liv
e
))
*geometry* driver: auto-detecting
*geometry* detected driver: pdftex
*geometry* verbose mode - [ preamble ] result:
* driver: pdftex
* paper: custom
* layout: <same size as paper>
* layoutoffset:(h,v)=(0.0pt,0.0pt)
* modes: twoside asymmetric 
* h-part:(L,W,R)=(54.06023pt, 332.89726pt, 54.06023pt)
* v-part:(T,H,B)=(59.75078pt, 549.1382pt, 59.75078pt)
* \paperwidth=441.01772pt
* \paperheight=668.63976pt
* \textwidth=332.89726pt
* \textheight=549.1382pt
* \oddsidemargin=-18.20976pt
* \evensidemargin=-18.20976pt
* \topmargin=-37.51921pt
* \headheight=7.0pt
* \headsep=18.0pt
* \topskip=10.0pt
* \footskip=12.0pt
* \marginparwidth=90.0pt
* \marginparsep=11.0pt
* \columnsep=10.0pt
* \skip\footins=7.0pt plus 11.0pt
* \hoffset=0.0pt
* \voffset=0.0pt
* \mag=1000
* \@twocolumnfalse
* \@twosidetrue
* \@mparswitchfalse
* \@reversemarginfalse
* (1in=72.27pt=25.4mm, 1cm=28.453pt)

Package caption Info: Begin \AtBeginDocument code.
Package caption Info: float package is loaded.
Package caption Info: hyperref package is loaded.
Package caption Info: listings package is loaded.
Package caption Info: End \AtBeginDocument code.
LaTeX Font Info:    External font `mlmex10' loaded for size
(Font)              <10> on input line 25.
LaTeX Font Info:    External font `mlmex10' loaded for size
(Font)              <7> on input line 25.
Package xypdf Info: Line width: 0.48949pt on input line 25.
Package hyperref Info: Link coloring ON on input line 25.
(/home/fouche/texlive/texmf-dist/tex/latex/hyperref/nameref.sty
Package: nameref 2021-04-02 v2.47 Cross-referencing by name of section

(/home/fouche/texlive/texmf-dist/tex/latex/refcount/refcount.sty
Package: refcount 2019/12/15 v3.6 Data extraction from label references (HO)
)
(/home/fouche/texlive/texmf-dist/tex/generic/gettitlestring/gettitlestring.sty
Package: gettitlestring 2019/12/15 v1.6 Cleanup title references (HO)
)
\c@section@level=\count398
)
LaTeX Info: Redefining \ref on input line 25.
LaTeX Info: Redefining \pageref on input line 25.
LaTeX Info: Redefining \nameref on input line 25.
 (./main.out) (./main.out)
\@outlinefile=\write9
\openout9 = `main.out'.

\c@lstlisting=\count399
 (./secs/abstract.tex) (./main.toc)
\tf@toc=\write10
\openout10 = `main.toc'.

 (./secs/01.tex
LaTeX Font Info:    External font `mlmex10' loaded for size
(Font)              <9> on input line 4.


LaTeX Warning: Citation `foo' on page 1 undefined on input line 6.

[1
Non-PDF special ignored!
<special> papersize=15.5cm,23.5cm
{/home/fouche/texlive/texmf-var/fonts/map/pdftex/updmap/pdftex.map}]

LaTeX Warning: Citation `foobar' on page 2 undefined on input line 20.


LaTeX Warning: Citation `baz' on page 2 undefined on input line 20.


Overfull \hbox (1.79744pt too wide) in paragraph at lines 24--25
\T1/mlmr/m/n/10 pe-cu-liare ma in-fini-ta-mente pi mal-leabile ed espres-siva,
 di in-ten-dere la nozione
 []


Underfull \vbox (badness 10000) has occurred while \output is active []

 [2]

LaTeX Warning: Citation `foo' on page 3 undefined on input line 28.


Overfull \hbox (1.22781pt too wide) in paragraph at lines 30--31
[]\T1/mlmr/m/n/10 Pi pre-cisa-mente, nella sua for-mu-lazione clas-sica l'inte
rlocutore, $\OML/mlmm/m/it/10 A$ \T1/mlmr/m/n/10 pensa
 []


Underfull \vbox (badness 1748) has occurred while \output is active []

 [3]
LaTeX Font Info:    Trying to load font information for OT1+mlmss on input line
 41.

(/home/fouche/texlive/texmf-dist/tex/latex/mlmodern/ot1mlmss.fd
File: ot1mlmss.fd 2021/01/11 v1.0 Font defs for mlmodern
))
(./secs/02.tex
Underfull \vbox (badness 1748) has occurred while \output is active []

 [4]
<xymatrix 6x1 155>
Overfull \hbox (38.0388pt too wide) detected at line 59
[]
 []

<xymatrix 4x2 374> [5] <xymatrix 3x2 210>
Overfull \hbox (7.26425pt too wide) detected at line 73
[]
 []

<xymatrix 3x2 244>
Overfull \hbox (10.19342pt too wide) detected at line 77
[]
 []

<xymatrix 3x2 149> <xymatrix 2x3 251>
Overfull \hbox (31.80334pt too wide) detected at line 88
[] []
 []

[6]) (./secs/03.tex

LaTeX Warning: Citation `' on page 7 undefined on input line 11.


LaTeX Warning: Citation `' on page 7 undefined on input line 11.

[7]

LaTeX Warning: Reference `metaon' on page 8 undefined on input line 15.


LaTeX Warning: Reference `' on page 8 undefined on input line 27.

[8])
No file main.bbl.
[9] (./main.aux)

LaTeX Warning: There were undefined references.

Package rerunfilecheck Info: File `main.out' has not changed.
(rerunfilecheck)             Checksum: E06F030BF5CF74858E4A56883E456933;660.
 ) 
Here is how much of TeX's memory you used:
 41357 strings out of 479023
 783210 string characters out of 5860883
 1370217 words of memory out of 5000000
 57773 multiletter control sequences out of 15000+600000
 492472 words of font info for 95 fonts, out of 8000000 for 9000
 1303 hyphenation exceptions out of 8191
 116i,14n,116p,3282b,993s stack positions out of 5000i,500n,10000p,200000b,80000s
{/home/fouche/texlive/texmf-dist/fonts/enc/dvips/lm/lm-ec.enc}{/home/fouche/t
exlive/texmf-dist/fonts/enc/dvips/lm/lm-mathsy.enc}{/home/fouche/texlive/texmf-
dist/fonts/enc/dvips/lm/lm-rm.enc}{/home/fouche/texlive/texmf-dist/fonts/enc/dv
ips/lm/lm-mathex.enc}{/home/fouche/texlive/texmf-dist/fonts/enc/dvips/lm/lm-mat
hit.enc}</home/fouche/texlive/texmf-dist/fonts/type1/public/amsfonts/cm/cmr8.pf
b></home/fouche/texlive/texmf-dist/fonts/type1/public/mlmodern/mlmbx10.pfb></ho
me/fouche/texlive/texmf-dist/fonts/type1/public/mlmodern/mlmbx12.pfb></home/fou
che/texlive/texmf-dist/fonts/type1/public/mlmodern/mlmbx9.pfb></home/fouche/tex
live/texmf-dist/fonts/type1/public/mlmodern/mlmcsc10.pfb></home/fouche/texlive/
texmf-dist/fonts/type1/public/mlmodern/mlmex10.pfb></home/fouche/texlive/texmf-
dist/fonts/type1/public/mlmodern/mlmmi10.pfb></home/fouche/texlive/texmf-dist/f
onts/type1/public/mlmodern/mlmmi7.pfb></home/fouche/texlive/texmf-dist/fonts/ty
pe1/public/mlmodern/mlmr10.pfb></home/fouche/texlive/texmf-dist/fonts/type1/pub
lic/mlmodern/mlmr12.pfb></home/fouche/texlive/texmf-dist/fonts/type1/public/mlm
odern/mlmr7.pfb></home/fouche/texlive/texmf-dist/fonts/type1/public/mlmodern/ml
mr9.pfb></home/fouche/texlive/texmf-dist/fonts/type1/public/mlmodern/mlmri10.pf
b></home/fouche/texlive/texmf-dist/fonts/type1/public/mlmodern/mlmri9.pfb></hom
e/fouche/texlive/texmf-dist/fonts/type1/public/mlmodern/mlmss10.pfb></home/fouc
he/texlive/texmf-dist/fonts/type1/public/mlmodern/mlmsy10.pfb></home/fouche/tex
live/texmf-dist/fonts/type1/public/mlmodern/mlmsy7.pfb></home/fouche/texlive/te
xmf-dist/fonts/type1/public/amsfonts/symbols/msam10.pfb></home/fouche/texlive/t
exmf-dist/fonts/type1/public/amsfonts/symbols/msam7.pfb></home/fouche/texlive/t
exmf-dist/fonts/type1/public/amsfonts/symbols/msbm10.pfb></home/fouche/texlive/
texmf-dist/fonts/type1/public/xypic/xyatip10.pfb></home/fouche/texlive/texmf-di
st/fonts/type1/public/xypic/xybtip10.pfb>
Output written on main.pdf (9 pages, 291726 bytes).
PDF statistics:
 228 PDF objects out of 1000 (max. 8388607)
 169 compressed objects within 2 object streams
 34 named destinations out of 1000 (max. 500000)
 181 words of extra memory for PDF output out of 10000 (max. 10000000)

